<?xml version="1.0" encoding="UTF-8"?>
<robot generator="Robot 3.2.2 (Python 3.8.5 on linux)" generated="20210222 00:35:38.437" rpa="false">
<suite id="s1" name="Tests" source="/home/lucasteixeira/workspace/comparacao_frameworks/tests/robotframework/tests.robot">
<test id="s1-t1" name="Cenário - Preencher Formulário">
<kw name="Acessar Formulario">
<kw name="New Browser" library="Browser">
<tags>
<tag>BrowserControl</tag>
<tag>Setter</tag>
</tags>
<doc>Create a new playwright Browser with specified options.
See `Browser, Context and Page` for more information about Browser and related concepts.</doc>
<arguments>
<arg>chromium</arg>
<arg>headless=False</arg>
</arguments>
<msg timestamp="20210222 00:35:38.905" level="INFO">{"browser": "chromium", "headless": false, "handleSIGINT": true, "handleSIGTERM": true, "handleSIGHUP": true, "timeout": 30000.0, "devtools": false, "slowMo": 0.0}</msg>
<msg timestamp="20210222 00:35:39.176" level="INFO">Successfully created browser with options: {"browser":"chromium","headless":false,"handleSIGINT":true,"handleSIGTERM":true,"handleSIGHUP":true,"timeout":30000,"devtools":false,"slowMo":0}</msg>
<status status="PASS" starttime="20210222 00:35:38.905" endtime="20210222 00:35:39.176"></status>
</kw>
<kw name="New Page" library="Browser">
<tags>
<tag>BrowserControl</tag>
<tag>Setter</tag>
</tags>
<doc>Open a new Page. A Page is the Playwright equivalent to a tab.
See `Browser, Context and Page` for more information about Page concept.
Returns a stable identifier for the created page.</doc>
<arguments>
<arg>http://127.0.0.1:5000/</arg>
</arguments>
<msg timestamp="20210222 00:35:39.966" level="INFO">Successfully initialized new page object and opened url: http://127.0.0.1:5000/</msg>
<status status="PASS" starttime="20210222 00:35:39.177" endtime="20210222 00:35:39.967"></status>
</kw>
<status status="PASS" starttime="20210222 00:35:38.904" endtime="20210222 00:35:39.967"></status>
</kw>
<kw name="Preencher Campos">
<kw name="Fill Text" library="Browser">
<tags>
<tag>PageContent</tag>
<tag>Setter</tag>
</tags>
<doc>Clears and fills the given ``text`` into the text field found by ``selector``.</doc>
<arguments>
<arg>${nome}</arg>
<arg>${dados.nome}</arg>
</arguments>
<msg timestamp="20210222 00:35:39.970" level="INFO">Fills the text 'Lucas' in the given field.</msg>
<status status="PASS" starttime="20210222 00:35:39.969" endtime="20210222 00:35:40.017"></status>
</kw>
<kw name="Fill Text" library="Browser">
<tags>
<tag>PageContent</tag>
<tag>Setter</tag>
</tags>
<doc>Clears and fills the given ``text`` into the text field found by ``selector``.</doc>
<arguments>
<arg>${sobrenome}</arg>
<arg>${dados.sobrenome}</arg>
</arguments>
<msg timestamp="20210222 00:35:40.017" level="INFO">Fills the text 'Texeira' in the given field.</msg>
<status status="PASS" starttime="20210222 00:35:40.017" endtime="20210222 00:35:40.036"></status>
</kw>
<kw name="Fill Text" library="Browser">
<tags>
<tag>PageContent</tag>
<tag>Setter</tag>
</tags>
<doc>Clears and fills the given ``text`` into the text field found by ``selector``.</doc>
<arguments>
<arg>${email}</arg>
<arg>${dados.email}</arg>
</arguments>
<msg timestamp="20210222 00:35:40.036" level="INFO">Fills the text 'teste@gmail.com' in the given field.</msg>
<status status="PASS" starttime="20210222 00:35:40.036" endtime="20210222 00:35:40.052"></status>
</kw>
<kw name="Fill Text" library="Browser">
<tags>
<tag>PageContent</tag>
<tag>Setter</tag>
</tags>
<doc>Clears and fills the given ``text`` into the text field found by ``selector``.</doc>
<arguments>
<arg>${resumo}</arg>
<arg>${dados.resumo}</arg>
</arguments>
<msg timestamp="20210222 00:35:40.053" level="INFO">Fills the text 'Automacao com RobotFramework' in the given field.</msg>
<status status="PASS" starttime="20210222 00:35:40.053" endtime="20210222 00:35:40.068"></status>
</kw>
<kw name="Click" library="Browser">
<tags>
<tag>PageContent</tag>
<tag>Setter</tag>
</tags>
<doc>Simulates mouse click on the element found by ``selector``.</doc>
<arguments>
<arg>${select_pesquisa}</arg>
</arguments>
<status status="PASS" starttime="20210222 00:35:40.068" endtime="20210222 00:35:40.154"></status>
</kw>
<kw name="Click" library="Browser">
<tags>
<tag>PageContent</tag>
<tag>Setter</tag>
</tags>
<doc>Simulates mouse click on the element found by ``selector``.</doc>
<arguments>
<arg>${select_option}</arg>
</arguments>
<status status="PASS" starttime="20210222 00:35:40.154" endtime="20210222 00:35:40.189"></status>
</kw>
<status status="PASS" starttime="20210222 00:35:39.968" endtime="20210222 00:35:40.189"></status>
</kw>
<kw name="Submeter">
<kw name="Click" library="Browser">
<tags>
<tag>PageContent</tag>
<tag>Setter</tag>
</tags>
<doc>Simulates mouse click on the element found by ``selector``.</doc>
<arguments>
<arg>${submit}</arg>
</arguments>
<status status="PASS" starttime="20210222 00:35:40.190" endtime="20210222 00:35:40.255"></status>
</kw>
<kw name="Sleep" library="BuiltIn">
<doc>Pauses the test executed for the given time.</doc>
<arguments>
<arg>2s</arg>
</arguments>
<msg timestamp="20210222 00:35:42.256" level="INFO">Slept 2 seconds</msg>
<status status="PASS" starttime="20210222 00:35:40.255" endtime="20210222 00:35:42.256"></status>
</kw>
<status status="PASS" starttime="20210222 00:35:40.190" endtime="20210222 00:35:42.257"></status>
</kw>
<status status="PASS" starttime="20210222 00:35:38.900" endtime="20210222 00:35:42.257" critical="yes"></status>
</test>
<status status="PASS" starttime="20210222 00:35:38.438" endtime="20210222 00:35:42.318"></status>
</suite>
<statistics>
<total>
<stat pass="1" fail="0">Critical Tests</stat>
<stat pass="1" fail="0">All Tests</stat>
</total>
<tag>
</tag>
<suite>
<stat pass="1" fail="0" id="s1" name="Tests">Tests</stat>
</suite>
</statistics>
<errors>
</errors>
</robot>
