<?xml version="1.0" encoding="UTF-8"?>
<robot generator="Robot 3.2.2 (Python 3.8.5 on linux)" generated="20210221 14:02:33.039" rpa="false">
<suite id="s1" name="Tests" source="/home/lucasteixeira/workspace/comparacao_frameworks/tests/robotframework/tests.robot">
<test id="s1-t1" name="Cenário - Preencher Formulário">
<kw name="Acessar Formulario">
<kw name="New Browser" library="Browser">
<tags>
<tag>BrowserControl</tag>
<tag>Setter</tag>
</tags>
<doc>Create a new playwright Browser with specified options.
See `Browser, Context and Page` for more information about Browser and related concepts.</doc>
<arguments>
<arg>chromium</arg>
<arg>headless=False</arg>
</arguments>
<msg timestamp="20210221 14:02:33.476" level="INFO">{"browser": "chromium", "headless": false, "handleSIGINT": true, "handleSIGTERM": true, "handleSIGHUP": true, "timeout": 30000.0, "devtools": false, "slowMo": 0.0}</msg>
<msg timestamp="20210221 14:02:33.981" level="INFO">Successfully created browser with options: {"browser":"chromium","headless":false,"handleSIGINT":true,"handleSIGTERM":true,"handleSIGHUP":true,"timeout":30000,"devtools":false,"slowMo":0}</msg>
<status status="PASS" starttime="20210221 14:02:33.475" endtime="20210221 14:02:33.981"></status>
</kw>
<kw name="New Page" library="Browser">
<tags>
<tag>BrowserControl</tag>
<tag>Setter</tag>
</tags>
<doc>Open a new Page. A Page is the Playwright equivalent to a tab.
See `Browser, Context and Page` for more information about Page concept.
Returns a stable identifier for the created page.</doc>
<arguments>
<arg>http://127.0.0.1:5000/</arg>
</arguments>
<msg timestamp="20210221 14:02:34.637" level="INFO">Successfully initialized new page object and opened url: http://127.0.0.1:5000/</msg>
<status status="PASS" starttime="20210221 14:02:33.981" endtime="20210221 14:02:34.637"></status>
</kw>
<status status="PASS" starttime="20210221 14:02:33.475" endtime="20210221 14:02:34.638"></status>
</kw>
<kw name="Preencher Campos">
<kw name="Fill Text" library="Browser">
<tags>
<tag>PageContent</tag>
<tag>Setter</tag>
</tags>
<doc>Clears and fills the given ``text`` into the text field found by ``selector``.</doc>
<arguments>
<arg>${nome}</arg>
<arg>${dados.nome}</arg>
</arguments>
<msg timestamp="20210221 14:02:34.639" level="INFO">Fills the text 'Lucas' in the given field.</msg>
<status status="PASS" starttime="20210221 14:02:34.639" endtime="20210221 14:02:34.684"></status>
</kw>
<kw name="Fill Text" library="Browser">
<tags>
<tag>PageContent</tag>
<tag>Setter</tag>
</tags>
<doc>Clears and fills the given ``text`` into the text field found by ``selector``.</doc>
<arguments>
<arg>${sobrenome}</arg>
<arg>${dados.sobrenome}</arg>
</arguments>
<msg timestamp="20210221 14:02:34.685" level="INFO">Fills the text 'Texeira' in the given field.</msg>
<status status="PASS" starttime="20210221 14:02:34.684" endtime="20210221 14:02:34.701"></status>
</kw>
<kw name="Fill Text" library="Browser">
<tags>
<tag>PageContent</tag>
<tag>Setter</tag>
</tags>
<doc>Clears and fills the given ``text`` into the text field found by ``selector``.</doc>
<arguments>
<arg>${email}</arg>
<arg>${dados.email}</arg>
</arguments>
<msg timestamp="20210221 14:02:34.701" level="INFO">Fills the text 'teste@gmail.com' in the given field.</msg>
<status status="PASS" starttime="20210221 14:02:34.701" endtime="20210221 14:02:34.717"></status>
</kw>
<kw name="Fill Text" library="Browser">
<tags>
<tag>PageContent</tag>
<tag>Setter</tag>
</tags>
<doc>Clears and fills the given ``text`` into the text field found by ``selector``.</doc>
<arguments>
<arg>${resumo}</arg>
<arg>${dados.resumo}</arg>
</arguments>
<msg timestamp="20210221 14:02:34.717" level="INFO">Fills the text 'Automacao com RobotFramework' in the given field.</msg>
<status status="PASS" starttime="20210221 14:02:34.717" endtime="20210221 14:02:34.732"></status>
</kw>
<kw name="Click" library="Browser">
<tags>
<tag>PageContent</tag>
<tag>Setter</tag>
</tags>
<doc>Simulates mouse click on the element found by ``selector``.</doc>
<arguments>
<arg>${select_pesquisa}</arg>
</arguments>
<status status="PASS" starttime="20210221 14:02:34.732" endtime="20210221 14:02:34.785"></status>
</kw>
<kw name="Click" library="Browser">
<tags>
<tag>PageContent</tag>
<tag>Setter</tag>
</tags>
<doc>Simulates mouse click on the element found by ``selector``.</doc>
<arguments>
<arg>${select_option}</arg>
</arguments>
<status status="PASS" starttime="20210221 14:02:34.785" endtime="20210221 14:02:34.831"></status>
</kw>
<status status="PASS" starttime="20210221 14:02:34.638" endtime="20210221 14:02:34.831"></status>
</kw>
<kw name="Submeter">
<kw name="Click" library="Browser">
<tags>
<tag>PageContent</tag>
<tag>Setter</tag>
</tags>
<doc>Simulates mouse click on the element found by ``selector``.</doc>
<arguments>
<arg>${submit}</arg>
</arguments>
<status status="PASS" starttime="20210221 14:02:34.831" endtime="20210221 14:02:34.863"></status>
</kw>
<status status="PASS" starttime="20210221 14:02:34.831" endtime="20210221 14:02:34.864"></status>
</kw>
<status status="PASS" starttime="20210221 14:02:33.471" endtime="20210221 14:02:34.864" critical="yes"></status>
</test>
<status status="PASS" starttime="20210221 14:02:33.040" endtime="20210221 14:02:34.910"></status>
</suite>
<statistics>
<total>
<stat pass="1" fail="0">Critical Tests</stat>
<stat pass="1" fail="0">All Tests</stat>
</total>
<tag>
</tag>
<suite>
<stat pass="1" fail="0" id="s1" name="Tests">Tests</stat>
</suite>
</statistics>
<errors>
</errors>
</robot>
