<?xml version="1.0" encoding="UTF-8"?>
<robot generator="Robot 3.2.2 (Python 3.8.10 on linux)" generated="20211014 20:10:41.117" rpa="false">
<suite id="s1" name="Tests" source="/home/lucajct/workspace/comparacao_frameworks/tests/robotframework/tests.robot">
<test id="s1-t1" name="Cenário - Preencher Formulário">
<kw name="Acessar Formulario">
<kw name="New Browser" library="Browser">
<tags>
<tag>BrowserControl</tag>
<tag>Setter</tag>
</tags>
<doc>Create a new playwright Browser with specified options.
See `Browser, Context and Page` for more information about Browser and related concepts.</doc>
<arguments>
<arg>chromium</arg>
<arg>headless=True</arg>
</arguments>
<msg timestamp="20211014 20:10:48.761" level="INFO">{"browser": "chromium", "headless": true, "handleSIGINT": true, "handleSIGTERM": true, "handleSIGHUP": true, "timeout": 30000.0, "devtools": false, "slowMo": 0.0}</msg>
<msg timestamp="20211014 20:10:49.627" level="INFO">Successfully created browser with options: {"browser":"chromium","headless":true,"handleSIGINT":true,"handleSIGTERM":true,"handleSIGHUP":true,"timeout":30000,"devtools":false,"slowMo":0}</msg>
<status status="PASS" starttime="20211014 20:10:48.758" endtime="20211014 20:10:49.630"></status>
</kw>
<kw name="New Page" library="Browser">
<tags>
<tag>BrowserControl</tag>
<tag>Setter</tag>
</tags>
<doc>Open a new Page. A Page is the Playwright equivalent to a tab.
See `Browser, Context and Page` for more information about Page concept.
Returns a stable identifier for the created page.</doc>
<arguments>
<arg>http://127.0.0.1:5000/</arg>
</arguments>
<msg timestamp="20211014 20:10:52.939" level="INFO">Successfully initialized new page object and opened url: http://127.0.0.1:5000/</msg>
<status status="PASS" starttime="20211014 20:10:49.631" endtime="20211014 20:10:52.941"></status>
</kw>
<status status="PASS" starttime="20211014 20:10:48.755" endtime="20211014 20:10:52.942"></status>
</kw>
<kw name="Preencher Campos">
<kw name="Fill Text" library="Browser">
<tags>
<tag>PageContent</tag>
<tag>Setter</tag>
</tags>
<doc>Clears and fills the given ``text`` into the text field found by ``selector``.</doc>
<arguments>
<arg>${nome}</arg>
<arg>${dados.nome}</arg>
</arguments>
<msg timestamp="20211014 20:10:52.951" level="INFO">Fills the text 'Lucas' in the given field.</msg>
<status status="PASS" starttime="20211014 20:10:52.946" endtime="20211014 20:10:53.236"></status>
</kw>
<kw name="Fill Text" library="Browser">
<tags>
<tag>PageContent</tag>
<tag>Setter</tag>
</tags>
<doc>Clears and fills the given ``text`` into the text field found by ``selector``.</doc>
<arguments>
<arg>${sobrenome}</arg>
<arg>${dados.sobrenome}</arg>
</arguments>
<msg timestamp="20211014 20:10:53.239" level="INFO">Fills the text 'Texeira' in the given field.</msg>
<status status="PASS" starttime="20211014 20:10:53.237" endtime="20211014 20:10:53.378"></status>
</kw>
<kw name="Fill Text" library="Browser">
<tags>
<tag>PageContent</tag>
<tag>Setter</tag>
</tags>
<doc>Clears and fills the given ``text`` into the text field found by ``selector``.</doc>
<arguments>
<arg>${email}</arg>
<arg>${dados.email}</arg>
</arguments>
<msg timestamp="20211014 20:10:53.382" level="INFO">Fills the text 'teste@gmail.com' in the given field.</msg>
<status status="PASS" starttime="20211014 20:10:53.379" endtime="20211014 20:10:53.506"></status>
</kw>
<kw name="Fill Text" library="Browser">
<tags>
<tag>PageContent</tag>
<tag>Setter</tag>
</tags>
<doc>Clears and fills the given ``text`` into the text field found by ``selector``.</doc>
<arguments>
<arg>${resumo}</arg>
<arg>${dados.resumo}</arg>
</arguments>
<msg timestamp="20211014 20:10:53.510" level="INFO">Fills the text 'Automacao com RobotFramework' in the given field.</msg>
<status status="PASS" starttime="20211014 20:10:53.507" endtime="20211014 20:10:53.634"></status>
</kw>
<kw name="Click" library="Browser">
<tags>
<tag>PageContent</tag>
<tag>Setter</tag>
</tags>
<doc>Simulates mouse click on the element found by ``selector``.</doc>
<arguments>
<arg>${select_pesquisa}</arg>
</arguments>
<status status="PASS" starttime="20211014 20:10:53.635" endtime="20211014 20:10:53.827"></status>
</kw>
<kw name="Click" library="Browser">
<tags>
<tag>PageContent</tag>
<tag>Setter</tag>
</tags>
<doc>Simulates mouse click on the element found by ``selector``.</doc>
<arguments>
<arg>${select_option}</arg>
</arguments>
<status status="PASS" starttime="20211014 20:10:53.828" endtime="20211014 20:10:53.993"></status>
</kw>
<status status="PASS" starttime="20211014 20:10:52.943" endtime="20211014 20:10:53.994"></status>
</kw>
<kw name="Submeter">
<kw name="Click" library="Browser">
<tags>
<tag>PageContent</tag>
<tag>Setter</tag>
</tags>
<doc>Simulates mouse click on the element found by ``selector``.</doc>
<arguments>
<arg>${submit}</arg>
</arguments>
<status status="PASS" starttime="20211014 20:10:53.998" endtime="20211014 20:10:54.656"></status>
</kw>
<kw name="Sleep" library="BuiltIn">
<doc>Pauses the test executed for the given time.</doc>
<arguments>
<arg>2s</arg>
</arguments>
<msg timestamp="20211014 20:10:56.659" level="INFO">Slept 2 seconds</msg>
<status status="PASS" starttime="20211014 20:10:54.657" endtime="20211014 20:10:56.660"></status>
</kw>
<status status="PASS" starttime="20211014 20:10:53.995" endtime="20211014 20:10:56.661"></status>
</kw>
<status status="PASS" starttime="20211014 20:10:48.691" endtime="20211014 20:10:56.662" critical="yes"></status>
</test>
<status status="PASS" starttime="20211014 20:10:41.122" endtime="20211014 20:10:57.213"></status>
</suite>
<statistics>
<total>
<stat pass="1" fail="0">Critical Tests</stat>
<stat pass="1" fail="0">All Tests</stat>
</total>
<tag>
</tag>
<suite>
<stat pass="1" fail="0" id="s1" name="Tests">Tests</stat>
</suite>
</statistics>
<errors>
</errors>
</robot>
